[1m[34mTerminating existing preview server....[39m[22m[1m[34mDONE
[39m[22m
[1m[34mPreparing to preview[39m[22m
[1m[34m[ 1/16] labs/lab3.qmd[39m[22m
[1m[34m[ 2/16] labs/lab2.qmd[39m[22m
[1m[34m[ 3/16] labs/lab6.qmd[39m[22m
[1m[34m[ 4/16] labs/lab7.qmd[39m[22m
[1m[34m[ 5/16] labs/lab5.qmd[39m[22m
[1m[34m[ 6/16] labs/lab4.qmd[39m[22m
[1m[34m[ 7/16] contact.qmd[39m[22m
[1m[34m[ 8/16] resume.qmd[39m[22m
[1m[34m[ 9/16] posts/StarWars.qmd[39m[22m
[1m[34m[10/16] posts/first-post.qmd[39m[22m
[1m[34m[11/16] posts/Week-1-Reflection.qmd[39m[22m
[1m[34m[12/16] labs.qmd[39m[22m
[1m[34m[13/16] projects.qmd[39m[22m
[1m[34m[14/16] about.qmd[39m[22m
[1m[34m[15/16] resources.qmd[39m[22m
[1m[34m[16/16] blog.qmd[39m[22m

[32mWatching files for changes[39m
[32mBrowse at [39m[4m[32mhttp://localhost:4200/blog.html[39m[24m
[32mGET: /blog.html[39m
[32mGET: /[39m
[32mGET: /projects.html[39m
[32mGET: /labs.html[39m
[32mGET: /resources.html[39m
[32mGET: /about.html[39m
[1mpandoc [22m
  to: html
  output-file: labs.html
  standalone: true
  embed-resources: true
  title-prefix: Emmett Stralka - Engineering Portfolio
  section-divs: true
  html-math-method: mathjax
  wrap: none
  default-image-extension: png
  css:
    - styles.css
  toc: false
  toc-depth: 3
  variables: {}
  
[1mmetadata[22m
  document-css: false
  link-citations: true
  date-format: long
  lang: en
  search: true
  theme:
    - custom.scss
  page-layout: custom
  grid:
    sidebar-width: 250px
    margin-width: 0px
    body-width: 1200px
  layout:
    columns:
      - width: 33%
      - width: 67%
    align: start
  
[91mERROR: NotFound: No such file or directory (os error 2): rename '/Users/emmettstralka/E155-Website-Emmett_Stralka/labs.html' -> '/Users/emmettstralka/E155-Website-Emmett_Stralka/_site/labs.html'

Stack trace:
    at Object.renameSync (ext:deno_fs/30_fs.js:267:3)
    at safeMoveSync (file:///Applications/quarto/bin/quarto.js:2354:14)
    at renderProject (file:///Applications/quarto/bin/quarto.js:87372:17)
    at eventLoopTick (ext:core/01_core.js:175:7)[39m
[1mpandoc [22m
  to: html
  output-file: projects.html
  standalone: true
  embed-resources: true
  title-prefix: Emmett Stralka - Engineering Portfolio
  section-divs: true
  html-math-method: mathjax
  wrap: none
  default-image-extension: png
  css:
    - styles.css
  toc: false
  toc-depth: 3
  variables: {}
  
[1mmetadata[22m
  document-css: false
  link-citations: true
  date-format: long
  lang: en
  search: true
  theme:
    - custom.scss
  page-layout: custom
  grid:
    sidebar-width: 250px
    margin-width: 0px
    body-width: 1200px
  layout:
    columns:
      - width: 33%
      - width: 67%
    align: start
  
[91mERROR: NotFound: No such file or directory (os error 2): rename '/Users/emmettstralka/E155-Website-Emmett_Stralka/projects.html' -> '/Users/emmettstralka/E155-Website-Emmett_Stralka/_site/projects.html'

Stack trace:
    at Object.renameSync (ext:deno_fs/30_fs.js:267:3)
    at safeMoveSync (file:///Applications/quarto/bin/quarto.js:2354:14)
    at renderProject (file:///Applications/quarto/bin/quarto.js:87372:17)
    at eventLoopTick (ext:core/01_core.js:175:7)[39m
[32mGET: /labs.html[39m
[32mGET: /labs/lab1.html[39m
[1m[34m[1/2] labs.qmd[39m[22m
[1m[34m[2/2] projects.qmd[39m[22m

[32mGET: /projects.html[39m
[32mGET: /projects.html[39m
[32mGET: /labs.html[39m
[1mpandoc [22m
  to: html
  output-file: labs.html
  standalone: true
  embed-resources: true
  title-prefix: Emmett Stralka - Engineering Portfolio
  section-divs: true
  html-math-method: mathjax
  wrap: none
  default-image-extension: png
  css:
    - styles.css
  toc: false
  toc-depth: 3
  variables: {}
  
[1mmetadata[22m
  document-css: false
  link-citations: true
  date-format: long
  lang: en
  search: true
  theme:
    - custom.scss
  page-layout: custom
  grid:
    sidebar-width: 250px
    margin-width: 0px
    body-width: 1200px
  layout:
    columns:
      - width: 33%
      - width: 67%
    align: start
  
[33mWARNING (/Applications/quarto/share/filters/main.lua:9677) 
The following string was found in the document: :::

This usually indicates a problem with a fenced div in the document. Please check the document for errors.
[39m[33mWARNING (/Applications/quarto/share/filters/main.lua:9677) 
The following string was found in the document: :::

This usually indicates a problem with a fenced div in the document. Please check the document for errors.
[39m[33mWARNING (/Applications/quarto/share/filters/main.lua:9677) 
The following string was found in the document: :::

This usually indicates a problem with a fenced div in the document. Please check the document for errors.
[39m[33mWARNING (/Applications/quarto/share/filters/main.lua:9677) 
The following string was found in the document: :::

This usually indicates a problem with a fenced div in the document. Please check the document for errors.
[39m[33mWARNING (/Applications/quarto/share/filters/main.lua:9677) 
The following string was found in the document: :::

This usually indicates a problem with a fenced div in the document. Please check the document for errors.
[39m[33mWARNING (/Applications/quarto/share/filters/main.lua:9677) 
The following string was found in the document: :::

This usually indicates a problem with a fenced div in the document. Please check the document for errors.
[39m[33mWARNING (/Applications/quarto/share/filters/main.lua:9677) 
The following string was found in the document: :::

This usually indicates a problem with a fenced div in the document. Please check the document for errors.
[39m[33mWARNING (/Applications/quarto/share/filters/main.lua:9677) 
The following string was found in the document: :::

This usually indicates a problem with a fenced div in the document. Please check the document for errors.
[39m[33mWARNING (/Applications/quarto/share/filters/main.lua:9677) 
The following string was found in the document: :::

This usually indicates a problem with a fenced div in the document. Please check the document for errors.
[39m[33mWARNING (/Applications/quarto/share/filters/main.lua:9677) 
The following string was found in the document: :::

This usually indicates a problem with a fenced div in the document. Please check the document for errors.
[39m[33mWARNING (/Applications/quarto/share/filters/main.lua:9677) 
The following string was found in the document: :::

This usually indicates a problem with a fenced div in the document. Please check the document for errors.
[39m[33mWARNING (/Applications/quarto/share/filters/main.lua:9677) 
The following string was found in the document: :::

This usually indicates a problem with a fenced div in the document. Please check the document for errors.
[39m[33mWARNING (/Applications/quarto/share/filters/main.lua:9677) 
The following string was found in the document: :::

This usually indicates a problem with a fenced div in the document. Please check the document for errors.
[39m[33mWARNING (/Applications/quarto/share/filters/main.lua:9677) 
The following string was found in the document: :::

This usually indicates a problem with a fenced div in the document. Please check the document for errors.
[39m[32mGET: /labs.html[39m
[1mpandoc [22m
  to: html
  output-file: labs.html
  standalone: true
  embed-resources: true
  title-prefix: Emmett Stralka - Engineering Portfolio
  section-divs: true
  html-math-method: mathjax
  wrap: none
  default-image-extension: png
  css:
    - styles.css
  toc: false
  toc-depth: 3
  variables: {}
  
[1mmetadata[22m
  document-css: false
  link-citations: true
  date-format: long
  lang: en
  search: true
  theme:
    - custom.scss
  page-layout: custom
  grid:
    sidebar-width: 250px
    margin-width: 0px
    body-width: 1200px
  layout:
    columns:
      - width: 33%
      - width: 67%
    align: start
  
[33mWARNING (/Applications/quarto/share/filters/main.lua:9677) 
The following string was found in the document: :::

This usually indicates a problem with a fenced div in the document. Please check the document for errors.
[39m[33mWARNING (/Applications/quarto/share/filters/main.lua:9677) 
The following string was found in the document: :::

This usually indicates a problem with a fenced div in the document. Please check the document for errors.
[39m[33mWARNING (/Applications/quarto/share/filters/main.lua:9677) 
The following string was found in the document: :::

This usually indicates a problem with a fenced div in the document. Please check the document for errors.
[39m[33mWARNING (/Applications/quarto/share/filters/main.lua:9677) 
The following string was found in the document: :::

This usually indicates a problem with a fenced div in the document. Please check the document for errors.
[39m[33mWARNING (/Applications/quarto/share/filters/main.lua:9677) 
The following string was found in the document: :::

This usually indicates a problem with a fenced div in the document. Please check the document for errors.
[39m[33mWARNING (/Applications/quarto/share/filters/main.lua:9677) 
The following string was found in the document: :::

This usually indicates a problem with a fenced div in the document. Please check the document for errors.
[39m[33mWARNING (/Applications/quarto/share/filters/main.lua:9677) 
The following string was found in the document: :::

This usually indicates a problem with a fenced div in the document. Please check the document for errors.
[39m[33mWARNING (/Applications/quarto/share/filters/main.lua:9677) 
The following string was found in the document: :::

This usually indicates a problem with a fenced div in the document. Please check the document for errors.
[39m[33mWARNING (/Applications/quarto/share/filters/main.lua:9677) 
The following string was found in the document: :::

This usually indicates a problem with a fenced div in the document. Please check the document for errors.
[39m[33mWARNING (/Applications/quarto/share/filters/main.lua:9677) 
The following string was found in the document: :::

This usually indicates a problem with a fenced div in the document. Please check the document for errors.
[39m[33mWARNING (/Applications/quarto/share/filters/main.lua:9677) 
The following string was found in the document: :::

This usually indicates a problem with a fenced div in the document. Please check the document for errors.
[39m[33mWARNING (/Applications/quarto/share/filters/main.lua:9677) 
The following string was found in the document: :::

This usually indicates a problem with a fenced div in the document. Please check the document for errors.
[39m[33mWARNING (/Applications/quarto/share/filters/main.lua:9677) 
The following string was found in the document: :::

This usually indicates a problem with a fenced div in the document. Please check the document for errors.
[39m[33mWARNING (/Applications/quarto/share/filters/main.lua:9677) 
The following string was found in the document: :::

This usually indicates a problem with a fenced div in the document. Please check the document for errors.
[39m[32mGET: /labs.html[39m
[1mpandoc [22m
  to: html
  output-file: projects.html
  standalone: true
  embed-resources: true
  title-prefix: Emmett Stralka - Engineering Portfolio
  section-divs: true
  html-math-method: mathjax
  wrap: none
  default-image-extension: png
  css:
    - styles.css
  toc: false
  toc-depth: 3
  variables: {}
  
[1mmetadata[22m
  document-css: false
  link-citations: true
  date-format: long
  lang: en
  search: true
  theme:
    - custom.scss
  page-layout: custom
  grid:
    sidebar-width: 250px
    margin-width: 0px
    body-width: 1200px
  layout:
    columns:
      - width: 33%
      - width: 67%
    align: start
  
[33mWARNING (/Applications/quarto/share/filters/main.lua:9677) 
The following string was found in the document: :::

This usually indicates a problem with a fenced div in the document. Please check the document for errors.
[39m[33mWARNING (/Applications/quarto/share/filters/main.lua:9677) 
The following string was found in the document: :::

This usually indicates a problem with a fenced div in the document. Please check the document for errors.
[39m[33mWARNING (/Applications/quarto/share/filters/main.lua:9677) 
The following string was found in the document: :::

This usually indicates a problem with a fenced div in the document. Please check the document for errors.
[39m[33mWARNING (/Applications/quarto/share/filters/main.lua:9677) 
The following string was found in the document: :::

This usually indicates a problem with a fenced div in the document. Please check the document for errors.
[39m[33mWARNING (/Applications/quarto/share/filters/main.lua:9677) 
The following string was found in the document: :::

This usually indicates a problem with a fenced div in the document. Please check the document for errors.
[39m[33mWARNING (/Applications/quarto/share/filters/main.lua:9677) 
The following string was found in the document: :::

This usually indicates a problem with a fenced div in the document. Please check the document for errors.
[39m[91mERROR: NotFound: No such file or directory (os error 2): rename '/Users/emmettstralka/E155-Website-Emmett_Stralka/projects.html' -> '/Users/emmettstralka/E155-Website-Emmett_Stralka/_site/projects.html'

Stack trace:
    at Object.renameSync (ext:deno_fs/30_fs.js:267:3)
    at safeMoveSync (file:///Applications/quarto/bin/quarto.js:2354:14)
    at renderProject (file:///Applications/quarto/bin/quarto.js:87372:17)
    at eventLoopTick (ext:core/01_core.js:175:7)[39m
[32mGET: /labs.html[39m
[32mGET: /labs.html[39m
[32mGET: /labs.html[39m
[33mWARNING (/Applications/quarto/share/filters/main.lua:9677) 
The following string was found in the document: :::

This usually indicates a problem with a fenced div in the document. Please check the document for errors.
[39m[33mWARNING (/Applications/quarto/share/filters/main.lua:9677) 
The following string was found in the document: :::

This usually indicates a problem with a fenced div in the document. Please check the document for errors.
[39m[33mWARNING (/Applications/quarto/share/filters/main.lua:9677) 
The following string was found in the document: :::

This usually indicates a problem with a fenced div in the document. Please check the document for errors.
[39m[33mWARNING (/Applications/quarto/share/filters/main.lua:9677) 
The following string was found in the document: :::

This usually indicates a problem with a fenced div in the document. Please check the document for errors.
[39m[33mWARNING (/Applications/quarto/share/filters/main.lua:9677) 
The following string was found in the document: :::

This usually indicates a problem with a fenced div in the document. Please check the document for errors.
[39m[33mWARNING (/Applications/quarto/share/filters/main.lua:9677) 
The following string was found in the document: :::

This usually indicates a problem with a fenced div in the document. Please check the document for errors.
[39m[33mWARNING (/Applications/quarto/share/filters/main.lua:9677) 
The following string was found in the document: :::

This usually indicates a problem with a fenced div in the document. Please check the document for errors.
[39m[33mWARNING (/Applications/quarto/share/filters/main.lua:9677) 
The following string was found in the document: :::

This usually indicates a problem with a fenced div in the document. Please check the document for errors.
[39m[33mWARNING (/Applications/quarto/share/filters/main.lua:9677) 
The following string was found in the document: :::

This usually indicates a problem with a fenced div in the document. Please check the document for errors.
[39m[33mWARNING (/Applications/quarto/share/filters/main.lua:9677) 
The following string was found in the document: :::

This usually indicates a problem with a fenced div in the document. Please check the document for errors.
[39m[33mWARNING (/Applications/quarto/share/filters/main.lua:9677) 
The following string was found in the document: :::

This usually indicates a problem with a fenced div in the document. Please check the document for errors.
[39m[33mWARNING (/Applications/quarto/share/filters/main.lua:9677) 
The following string was found in the document: :::

This usually indicates a problem with a fenced div in the document. Please check the document for errors.
[39m[33mWARNING (/Applications/quarto/share/filters/main.lua:9677) 
The following string was found in the document: :::

This usually indicates a problem with a fenced div in the document. Please check the document for errors.
[39m[33mWARNING (/Applications/quarto/share/filters/main.lua:9677) 
The following string was found in the document: :::

This usually indicates a problem with a fenced div in the document. Please check the document for errors.
[39m[32mGET: /labs.html[39m
[33mWARNING (/Applications/quarto/share/filters/main.lua:9677) 
The following string was found in the document: :::

This usually indicates a problem with a fenced div in the document. Please check the document for errors.
[39m[33mWARNING (/Applications/quarto/share/filters/main.lua:9677) 
The following string was found in the document: :::

This usually indicates a problem with a fenced div in the document. Please check the document for errors.
[39m[33mWARNING (/Applications/quarto/share/filters/main.lua:9677) 
The following string was found in the document: :::

This usually indicates a problem with a fenced div in the document. Please check the document for errors.
[39m[33mWARNING (/Applications/quarto/share/filters/main.lua:9677) 
The following string was found in the document: :::

This usually indicates a problem with a fenced div in the document. Please check the document for errors.
[39m[33mWARNING (/Applications/quarto/share/filters/main.lua:9677) 
The following string was found in the document: :::

This usually indicates a problem with a fenced div in the document. Please check the document for errors.
[39m[33mWARNING (/Applications/quarto/share/filters/main.lua:9677) 
The following string was found in the document: :::

This usually indicates a problem with a fenced div in the document. Please check the document for errors.
[39m[33mWARNING (/Applications/quarto/share/filters/main.lua:9677) 
The following string was found in the document: :::

This usually indicates a problem with a fenced div in the document. Please check the document for errors.
[39m[33mWARNING (/Applications/quarto/share/filters/main.lua:9677) 
The following string was found in the document: :::

This usually indicates a problem with a fenced div in the document. Please check the document for errors.
[39m[33mWARNING (/Applications/quarto/share/filters/main.lua:9677) 
The following string was found in the document: :::

This usually indicates a problem with a fenced div in the document. Please check the document for errors.
[39m[33mWARNING (/Applications/quarto/share/filters/main.lua:9677) 
The following string was found in the document: :::

This usually indicates a problem with a fenced div in the document. Please check the document for errors.
[39m[33mWARNING (/Applications/quarto/share/filters/main.lua:9677) 
The following string was found in the document: :::

This usually indicates a problem with a fenced div in the document. Please check the document for errors.
[39m[33mWARNING (/Applications/quarto/share/filters/main.lua:9677) 
The following string was found in the document: :::

This usually indicates a problem with a fenced div in the document. Please check the document for errors.
[39m[33mWARNING (/Applications/quarto/share/filters/main.lua:9677) 
The following string was found in the document: :::

This usually indicates a problem with a fenced div in the document. Please check the document for errors.
[39m[33mWARNING (/Applications/quarto/share/filters/main.lua:9677) 
The following string was found in the document: :::

This usually indicates a problem with a fenced div in the document. Please check the document for errors.
[39m[32mGET: /labs.html[39m
[33mWARNING (/Applications/quarto/share/filters/main.lua:9677) 
The following string was found in the document: :::

This usually indicates a problem with a fenced div in the document. Please check the document for errors.
[39m[33mWARNING (/Applications/quarto/share/filters/main.lua:9677) 
The following string was found in the document: :::

This usually indicates a problem with a fenced div in the document. Please check the document for errors.
[39m[33mWARNING (/Applications/quarto/share/filters/main.lua:9677) 
The following string was found in the document: :::

This usually indicates a problem with a fenced div in the document. Please check the document for errors.
[39m[33mWARNING (/Applications/quarto/share/filters/main.lua:9677) 
The following string was found in the document: :::

This usually indicates a problem with a fenced div in the document. Please check the document for errors.
[39m[33mWARNING (/Applications/quarto/share/filters/main.lua:9677) 
The following string was found in the document: :::

This usually indicates a problem with a fenced div in the document. Please check the document for errors.
[39m[33mWARNING (/Applications/quarto/share/filters/main.lua:9677) 
The following string was found in the document: :::

This usually indicates a problem with a fenced div in the document. Please check the document for errors.
[39m[33mWARNING (/Applications/quarto/share/filters/main.lua:9677) 
The following string was found in the document: :::

This usually indicates a problem with a fenced div in the document. Please check the document for errors.
[39m[33mWARNING (/Applications/quarto/share/filters/main.lua:9677) 
The following string was found in the document: :::

This usually indicates a problem with a fenced div in the document. Please check the document for errors.
[39m[33mWARNING (/Applications/quarto/share/filters/main.lua:9677) 
The following string was found in the document: :::

This usually indicates a problem with a fenced div in the document. Please check the document for errors.
[39m[33mWARNING (/Applications/quarto/share/filters/main.lua:9677) 
The following string was found in the document: :::

This usually indicates a problem with a fenced div in the document. Please check the document for errors.
[39m[33mWARNING (/Applications/quarto/share/filters/main.lua:9677) 
The following string was found in the document: :::

This usually indicates a problem with a fenced div in the document. Please check the document for errors.
[39m[33mWARNING (/Applications/quarto/share/filters/main.lua:9677) 
The following string was found in the document: :::

This usually indicates a problem with a fenced div in the document. Please check the document for errors.
[39m[33mWARNING (/Applications/quarto/share/filters/main.lua:9677) 
The following string was found in the document: :::

This usually indicates a problem with a fenced div in the document. Please check the document for errors.
[39m[33mWARNING (/Applications/quarto/share/filters/main.lua:9677) 
The following string was found in the document: :::

This usually indicates a problem with a fenced div in the document. Please check the document for errors.
[39m[32mGET: /labs.html[39m
[32mGET: /labs/lab1.html[39m
[32mGET: /labs.html[39m
[1mpandoc [22m
  to: html
  output-file: projects.html
  standalone: true
  embed-resources: true
  title-prefix: Emmett Stralka - Engineering Portfolio
  section-divs: true
  html-math-method: mathjax
  wrap: none
  default-image-extension: png
  css:
    - styles.css
  toc: false
  toc-depth: 3
  variables: {}
  
[1mmetadata[22m
  document-css: false
  link-citations: true
  date-format: long
  lang: en
  search: true
  theme:
    - custom.scss
  page-layout: custom
  grid:
    sidebar-width: 250px
    margin-width: 0px
    body-width: 1200px
  layout:
    columns:
      - width: 33%
      - width: 67%
    align: start
  
[33mWARNING (/Applications/quarto/share/filters/main.lua:9677) 
The following string was found in the document: :::

This usually indicates a problem with a fenced div in the document. Please check the document for errors.
[39m[33mWARNING (/Applications/quarto/share/filters/main.lua:9677) 
The following string was found in the document: :::

This usually indicates a problem with a fenced div in the document. Please check the document for errors.
[39m[33mWARNING (/Applications/quarto/share/filters/main.lua:9677) 
The following string was found in the document: :::

This usually indicates a problem with a fenced div in the document. Please check the document for errors.
[39m[33mWARNING (/Applications/quarto/share/filters/main.lua:9677) 
The following string was found in the document: :::

This usually indicates a problem with a fenced div in the document. Please check the document for errors.
[39m[33mWARNING (/Applications/quarto/share/filters/main.lua:9677) 
The following string was found in the document: :::

This usually indicates a problem with a fenced div in the document. Please check the document for errors.
[39m[33mWARNING (/Applications/quarto/share/filters/main.lua:9677) 
The following string was found in the document: :::

This usually indicates a problem with a fenced div in the document. Please check the document for errors.
[39m[33mWARNING (/Applications/quarto/share/filters/main.lua:9677) 
The following string was found in the document: :::

This usually indicates a problem with a fenced div in the document. Please check the document for errors.
[39m[33mWARNING (/Applications/quarto/share/filters/main.lua:9677) 
The following string was found in the document: :::

This usually indicates a problem with a fenced div in the document. Please check the document for errors.
[39m[33mWARNING (/Applications/quarto/share/filters/main.lua:9677) 
The following string was found in the document: :::

This usually indicates a problem with a fenced div in the document. Please check the document for errors.
[39m[33mWARNING (/Applications/quarto/share/filters/main.lua:9677) 
The following string was found in the document: :::

This usually indicates a problem with a fenced div in the document. Please check the document for errors.
[39m[33mWARNING (/Applications/quarto/share/filters/main.lua:9677) 
The following string was found in the document: :::

This usually indicates a problem with a fenced div in the document. Please check the document for errors.
[39m[33mWARNING (/Applications/quarto/share/filters/main.lua:9677) 
The following string was found in the document: :::

This usually indicates a problem with a fenced div in the document. Please check the document for errors.
[39m[33mWARNING (/Applications/quarto/share/filters/main.lua:9677) 
The following string was found in the document: :::

This usually indicates a problem with a fenced div in the document. Please check the document for errors.
[39m[33mWARNING (/Applications/quarto/share/filters/main.lua:9677) 
The following string was found in the document: :::

This usually indicates a problem with a fenced div in the document. Please check the document for errors.
[39m[33mWARNING (/Applications/quarto/share/filters/main.lua:9677) 
The following string was found in the document: :::

This usually indicates a problem with a fenced div in the document. Please check the document for errors.
[39m[33mWARNING (/Applications/quarto/share/filters/main.lua:9677) 
The following string was found in the document: :::

This usually indicates a problem with a fenced div in the document. Please check the document for errors.
[39m[33mWARNING (/Applications/quarto/share/filters/main.lua:9677) 
The following string was found in the document: :::

This usually indicates a problem with a fenced div in the document. Please check the document for errors.
[39m[33mWARNING (/Applications/quarto/share/filters/main.lua:9677) 
The following string was found in the document: :::

This usually indicates a problem with a fenced div in the document. Please check the document for errors.
[39m[33mWARNING (/Applications/quarto/share/filters/main.lua:9677) 
The following string was found in the document: :::

This usually indicates a problem with a fenced div in the document. Please check the document for errors.
[39m[33mWARNING (/Applications/quarto/share/filters/main.lua:9677) 
The following string was found in the document: :::

This usually indicates a problem with a fenced div in the document. Please check the document for errors.
[39m[32mGET: /labs.html[39m
