#! /opt/homebrew/Cellar/icarus-verilog/12.0/bin/vvp
:ivl_version "12.0 (stable)";
:ivl_delay_selection "TYPICAL";
:vpi_time_precision - 12;
:vpi_module "/opt/homebrew/Cellar/icarus-verilog/12.0/lib/ivl/system.vpi";
:vpi_module "/opt/homebrew/Cellar/icarus-verilog/12.0/lib/ivl/vhdl_sys.vpi";
:vpi_module "/opt/homebrew/Cellar/icarus-verilog/12.0/lib/ivl/vhdl_textio.vpi";
:vpi_module "/opt/homebrew/Cellar/icarus-verilog/12.0/lib/ivl/v2005_math.vpi";
:vpi_module "/opt/homebrew/Cellar/icarus-verilog/12.0/lib/ivl/va_math.vpi";
:vpi_module "/opt/homebrew/Cellar/icarus-verilog/12.0/lib/ivl/v2009.vpi";
S_0x141804e30 .scope package, "$unit" "$unit" 2 1;
 .timescale 0 0;
S_0x141804fa0 .scope module, "tb_quaternion_optimized" "tb_quaternion_optimized" 3 6;
 .timescale -9 -12;
P_0x141806310 .param/l "CLK_PERIOD" 0 3 10, +C4<00000000000000000000000101001101>;
v0x14183d6f0_0 .var "clk", 0 0;
v0x14183d7b0_0 .var/2s "cycles_to_output", 31 0;
v0x14183d850_0 .var/2s "fail_count", 31 0;
v0x14183d910_0 .var/2s "i", 31 0;
v0x14183d9c0_0 .var/2s "outputs_received", 31 0;
v0x14183dab0_0 .var/2s "pass_count", 31 0;
v0x14183db60_0 .net/s "pitch", 31 0, v0x14183a2c0_0;  1 drivers
v0x14183dc00_0 .var/s "quat_w", 15 0;
v0x14183dcb0_0 .var/s "quat_x", 15 0;
v0x14183dde0_0 .var/s "quat_y", 15 0;
v0x14183de70_0 .var/s "quat_z", 15 0;
v0x14183df00_0 .net/s "roll", 31 0, v0x14183a8a0_0;  1 drivers
v0x14183dfb0_0 .var "rst_n", 0 0;
v0x14183e060_0 .var/2s "test_count", 31 0;
v0x14183e0f0_0 .var "valid_in", 0 0;
v0x14183e1a0_0 .net "valid_out", 0 0, v0x14183aec0_0;  1 drivers
v0x14183e250_0 .net/s "yaw", 31 0, v0x14183bb20_0;  1 drivers
S_0x14182aca0 .scope module, "dut" "quaternion_to_euler_dsp_optimized" 3 37, 4 9 0, S_0x141804fa0;
 .timescale -9 -12;
    .port_info 0 /INPUT 1 "clk";
    .port_info 1 /INPUT 1 "rst_n";
    .port_info 2 /INPUT 1 "valid_in";
    .port_info 3 /INPUT 16 "quat_w";
    .port_info 4 /INPUT 16 "quat_x";
    .port_info 5 /INPUT 16 "quat_y";
    .port_info 6 /INPUT 16 "quat_z";
    .port_info 7 /OUTPUT 1 "valid_out";
    .port_info 8 /OUTPUT 32 "roll";
    .port_info 9 /OUTPUT 32 "pitch";
    .port_info 10 /OUTPUT 32 "yaw";
P_0x1418058b0 .param/l "RAD_TO_DEG" 1 4 21, C4<00000000000111001010010111011000>;
enum0x141806610 .enum4 (2)
   "MULT_CYCLE1" 2'b00,
   "MULT_CYCLE2" 2'b01,
   "MULT_CYCLE3" 2'b10
 ;
v0x141839d30_0 .net "clk", 0 0, v0x14183d6f0_0;  1 drivers
v0x141839de0_0 .var "cycle3_done", 0 0;
v0x141839e80_0 .var/s "dsp_out1", 31 0;
v0x141839f20_0 .var/s "dsp_out2", 31 0;
v0x141839fd0_0 .var/s "dsp_out3", 31 0;
v0x14183a0c0_0 .var "mult_complete", 0 0;
v0x14183a160_0 .var "mult_cycle", 1 0;
v0x14183a210_0 .var "mult_state", 1 0;
v0x14183a2c0_0 .var/s "pitch", 31 0;
v0x14183a3d0_0 .var/s "pitch_arg", 31 0;
v0x14183a480_0 .var/s "pitch_arg_x2", 31 0;
v0x14183a530_0 .var/s "pitch_rad", 31 0;
v0x14183a5e0_0 .net/s "quat_w", 15 0, v0x14183dc00_0;  1 drivers
v0x14183a690_0 .net/s "quat_x", 15 0, v0x14183dcb0_0;  1 drivers
v0x14183a740_0 .net/s "quat_y", 15 0, v0x14183dde0_0;  1 drivers
v0x14183a7f0_0 .net/s "quat_z", 15 0, v0x14183de70_0;  1 drivers
v0x14183a8a0_0 .var/s "roll", 31 0;
v0x14183aa30_0 .var/s "roll_den", 31 0;
v0x14183aac0_0 .var/s "roll_den_scaled", 31 0;
v0x14183ab70_0 .var/s "roll_num", 31 0;
v0x14183ac20_0 .var/s "roll_num_x2", 31 0;
v0x14183acd0_0 .var/s "roll_rad", 31 0;
v0x14183ad80_0 .net "rst_n", 0 0, v0x14183dfb0_0;  1 drivers
v0x14183ae20_0 .net "valid_in", 0 0, v0x14183e0f0_0;  1 drivers
v0x14183aec0_0 .var "valid_out", 0 0;
v0x14183af60_0 .var "valid_stage1", 0 0;
v0x14183b000_0 .var "valid_stage2", 0 0;
v0x14183b0a0_0 .var "valid_stage3", 0 0;
v0x14183b140_0 .var "valid_stage4", 0 0;
v0x14183b1e0_0 .var/s "w_x", 31 0;
v0x14183b290_0 .var/s "w_x_plus_y_z", 31 0;
v0x14183b340_0 .var/s "w_y", 31 0;
v0x14183b3f0_0 .var/s "w_y_minus_z_x", 31 0;
v0x14183a950_0 .var/s "w_z", 31 0;
v0x14183b680_0 .var/s "w_z_plus_x_y", 31 0;
v0x14183b710_0 .var/s "x_sq", 31 0;
v0x14183b7b0_0 .var/s "x_sq_plus_y_sq", 31 0;
v0x14183b860_0 .var/s "x_y", 31 0;
v0x14183b910_0 .var/s "y_sq", 31 0;
v0x14183b9c0_0 .var/s "y_sq_plus_z_sq", 31 0;
v0x14183ba70_0 .var/s "y_z", 31 0;
v0x14183bb20_0 .var/s "yaw", 31 0;
v0x14183bbd0_0 .var/s "yaw_den", 31 0;
v0x14183bc80_0 .var/s "yaw_den_scaled", 31 0;
v0x14183bd30_0 .var/s "yaw_num", 31 0;
v0x14183bde0_0 .var/s "yaw_num_x2", 31 0;
v0x14183be90_0 .var/s "yaw_rad", 31 0;
v0x14183bf40_0 .var/s "z_sq", 31 0;
v0x14183bff0_0 .var/s "z_x", 31 0;
E_0x141806440/0 .event negedge, v0x14183ad80_0;
E_0x141806440/1 .event posedge, v0x141839d30_0;
E_0x141806440 .event/or E_0x141806440/0, E_0x141806440/1;
S_0x14182ae10 .scope autofunction.vec4.u32, "cordic_asin" "cordic_asin" 4 264, 4 264 0, S_0x14182aca0;
 .timescale -9 -12;
v0x141829080_0 .var/s "angle", 31 0;
; Variable cordic_asin is vec4 return value of scope S_0x14182ae10
v0x141839750_0 .var/s "x", 31 0;
TD_tb_quaternion_optimized.dut.cordic_asin ;
    %load/vec4 v0x141839750_0;
    %cmpi/s 32768, 0, 32;
    %flag_or 5, 4; GT is !LE
    %flag_inv 5;
    %jmp/0xz  T_0.0, 5;
    %pushi/vec4 32768, 0, 32;
    %store/vec4 v0x141839750_0, 0, 32;
T_0.0 ;
    %load/vec4 v0x141839750_0;
    %cmpi/s 4294934528, 0, 32;
    %jmp/0xz  T_0.2, 5;
    %pushi/vec4 4294934528, 0, 32;
    %store/vec4 v0x141839750_0, 0, 32;
T_0.2 ;
    %load/vec4 v0x141839750_0;
    %store/vec4 v0x141829080_0, 0, 32;
    %load/vec4 v0x141829080_0;
    %ret/vec4 0, 0, 32;  Assign to cordic_asin (store_vec4_to_lval)
    %disable/flow S_0x14182ae10;
    %end;
S_0x1418397e0 .scope autofunction.vec4.u32, "cordic_atan2" "cordic_atan2" 4 241, 4 241 0, S_0x14182aca0;
 .timescale -9 -12;
v0x1418399a0_0 .var/s "angle", 31 0;
; Variable cordic_atan2 is vec4 return value of scope S_0x1418397e0
v0x141839ad0_0 .var/s "ratio", 31 0;
v0x141839b90_0 .var/s "x", 31 0;
v0x141839c40_0 .var/s "y", 31 0;
TD_tb_quaternion_optimized.dut.cordic_atan2 ;
    %load/vec4 v0x141839b90_0;
    %cmpi/e 0, 0, 32;
    %jmp/0xz  T_1.4, 4;
    %load/vec4 v0x141839c40_0;
    %parti/s 1, 31, 6;
    %flag_set/vec4 8;
    %jmp/0 T_1.6, 8;
    %pushi/vec4 4294915824, 0, 32;
    %jmp/1 T_1.7, 8;
T_1.6 ; End of true expr.
    %pushi/vec4 51472, 0, 32;
    %jmp/0 T_1.7, 8;
 ; End of false expr.
    %blend;
T_1.7;
    %store/vec4 v0x1418399a0_0, 0, 32;
    %jmp T_1.5;
T_1.4 ;
    %load/vec4 v0x141839c40_0;
    %ix/load 4, 15, 0;
    %flag_set/imm 4, 0;
    %shiftl 4;
    %load/vec4 v0x141839b90_0;
    %div/s;
    %store/vec4 v0x141839ad0_0, 0, 32;
    %load/vec4 v0x141839ad0_0;
    %cmpi/s 32768, 0, 32;
    %flag_or 5, 4; GT is !LE
    %flag_inv 5;
    %jmp/0xz  T_1.8, 5;
    %pushi/vec4 32768, 0, 32;
    %store/vec4 v0x141839ad0_0, 0, 32;
T_1.8 ;
    %load/vec4 v0x141839ad0_0;
    %cmpi/s 4294934528, 0, 32;
    %jmp/0xz  T_1.10, 5;
    %pushi/vec4 4294934528, 0, 32;
    %store/vec4 v0x141839ad0_0, 0, 32;
T_1.10 ;
    %load/vec4 v0x141839ad0_0;
    %store/vec4 v0x1418399a0_0, 0, 32;
    %load/vec4 v0x141839b90_0;
    %parti/s 1, 31, 6;
    %flag_set/vec4 9;
    %flag_get/vec4 9;
    %jmp/0 T_1.14, 9;
    %load/vec4 v0x141839c40_0;
    %parti/s 1, 31, 6;
    %nor/r;
    %and;
T_1.14;
    %flag_set/vec4 8;
    %jmp/0xz  T_1.12, 8;
    %load/vec4 v0x1418399a0_0;
    %addi 102944, 0, 32;
    %store/vec4 v0x1418399a0_0, 0, 32;
    %jmp T_1.13;
T_1.12 ;
    %load/vec4 v0x141839b90_0;
    %parti/s 1, 31, 6;
    %flag_set/vec4 9;
    %flag_get/vec4 9;
    %jmp/0 T_1.17, 9;
    %load/vec4 v0x141839c40_0;
    %parti/s 1, 31, 6;
    %and;
T_1.17;
    %flag_set/vec4 8;
    %jmp/0xz  T_1.15, 8;
    %load/vec4 v0x1418399a0_0;
    %subi 102944, 0, 32;
    %store/vec4 v0x1418399a0_0, 0, 32;
T_1.15 ;
T_1.13 ;
T_1.5 ;
    %load/vec4 v0x1418399a0_0;
    %ret/vec4 0, 0, 32;  Assign to cordic_atan2 (store_vec4_to_lval)
    %disable/flow S_0x1418397e0;
    %end;
S_0x14183c1b0 .scope task, "send_quaternion" "send_quaternion" 3 52, 3 52 0, S_0x141804fa0;
 .timescale -9 -12;
v0x14183c320_0 .var/s "w", 15 0;
v0x14183c3b0_0 .var/s "x", 15 0;
v0x14183c460_0 .var/s "y", 15 0;
v0x14183c520_0 .var/s "z", 15 0;
E_0x1418056e0 .event posedge, v0x141839d30_0;
TD_tb_quaternion_optimized.send_quaternion ;
    %wait E_0x1418056e0;
    %load/vec4 v0x14183c320_0;
    %store/vec4 v0x14183dc00_0, 0, 16;
    %load/vec4 v0x14183c3b0_0;
    %store/vec4 v0x14183dcb0_0, 0, 16;
    %load/vec4 v0x14183c460_0;
    %store/vec4 v0x14183dde0_0, 0, 16;
    %load/vec4 v0x14183c520_0;
    %store/vec4 v0x14183de70_0, 0, 16;
    %pushi/vec4 1, 0, 1;
    %store/vec4 v0x14183e0f0_0, 0, 1;
    %wait E_0x1418056e0;
    %pushi/vec4 0, 0, 1;
    %store/vec4 v0x14183e0f0_0, 0, 1;
    %end;
S_0x14183c5d0 .scope task, "test_90deg_z_rotation" "test_90deg_z_rotation" 3 121, 3 121 0, S_0x141804fa0;
 .timescale -9 -12;
v0x14183c7b0_0 .var "success", 0 0;
TD_tb_quaternion_optimized.test_90deg_z_rotation ;
    ; show_stmt_assign_vector: Get l-value for compressed += operand
    %load/vec4 v0x14183e060_0;
    %pushi/vec4 1, 0, 32;
    %add;
    %cast2;
    %store/vec4 v0x14183e060_0, 0, 32;
    %vpi_call/w 3 124 "$display", "\012=== Test %0d: 90\302\260 Rotation Around Z-Axis ===", v0x14183e060_0 {0 0 0};
    %pushi/vec4 23170, 0, 16;
    %store/vec4 v0x14183c320_0, 0, 16;
    %pushi/vec4 0, 0, 16;
    %store/vec4 v0x14183c3b0_0, 0, 16;
    %pushi/vec4 0, 0, 16;
    %store/vec4 v0x14183c460_0, 0, 16;
    %pushi/vec4 23170, 0, 16;
    %store/vec4 v0x14183c520_0, 0, 16;
    %fork TD_tb_quaternion_optimized.send_quaternion, S_0x14183c1b0;
    %join;
    %pushi/vec4 100, 0, 32;
    %store/vec4 v0x14183d650_0, 0, 32;
    %fork TD_tb_quaternion_optimized.wait_for_output, S_0x14183d330;
    %join;
    %load/vec4 v0x14183d5b0_0;
    %store/vec4 v0x14183c7b0_0, 0, 1;
    %load/vec4 v0x14183c7b0_0;
    %flag_set/vec4 8;
    %jmp/0xz  T_3.18, 8;
    %vpi_call/w 3 133 "$display", "  \342\234\205 Output received: roll=%0d, pitch=%0d, yaw=%0d", v0x14183df00_0, v0x14183db60_0, v0x14183e250_0 {0 0 0};
    %load/vec4 v0x14183e250_0;
    %cmpi/s 40000, 0, 32;
    %flag_or 5, 4; GT is !LE
    %flag_inv 5;
    %flag_get/vec4 5;
    %jmp/0 T_3.22, 5;
    %load/vec4 v0x14183e250_0;
    %cmpi/s 60000, 0, 32;
    %flag_get/vec4 5;
    %and;
T_3.22;
    %flag_set/vec4 8;
    %jmp/0xz  T_3.20, 8;
    %vpi_call/w 3 137 "$display", "  \342\234\205 PASS: Yaw angle reasonable (~90\302\260)" {0 0 0};
    ; show_stmt_assign_vector: Get l-value for compressed += operand
    %load/vec4 v0x14183dab0_0;
    %pushi/vec4 1, 0, 32;
    %add;
    %cast2;
    %store/vec4 v0x14183dab0_0, 0, 32;
    %jmp T_3.21;
T_3.20 ;
    %vpi_call/w 3 140 "$display", "  \342\232\240\357\270\217  WARNING: Yaw=%0d (expected ~51472 for 90\302\260)", v0x14183e250_0 {0 0 0};
    ; show_stmt_assign_vector: Get l-value for compressed += operand
    %load/vec4 v0x14183dab0_0;
    %pushi/vec4 1, 0, 32;
    %add;
    %cast2;
    %store/vec4 v0x14183dab0_0, 0, 32;
T_3.21 ;
    %jmp T_3.19;
T_3.18 ;
    %vpi_call/w 3 144 "$display", "  \342\235\214 FAIL: No output received" {0 0 0};
    ; show_stmt_assign_vector: Get l-value for compressed += operand
    %load/vec4 v0x14183d850_0;
    %pushi/vec4 1, 0, 32;
    %add;
    %cast2;
    %store/vec4 v0x14183d850_0, 0, 32;
T_3.19 ;
    %pushi/vec4 10, 0, 32;
T_3.23 %dup/vec4;
    %pushi/vec4 0, 0, 32;
    %cmp/s;
    %jmp/1xz T_3.24, 5;
    %jmp/1 T_3.24, 4;
    %pushi/vec4 1, 0, 32;
    %sub;
    %wait E_0x1418056e0;
    %jmp T_3.23;
T_3.24 ;
    %pop/vec4 1;
    %end;
S_0x14183c850 .scope task, "test_identity_quaternion" "test_identity_quaternion" 3 85, 3 85 0, S_0x141804fa0;
 .timescale -9 -12;
v0x14183ce10_0 .var "success", 0 0;
TD_tb_quaternion_optimized.test_identity_quaternion ;
    ; show_stmt_assign_vector: Get l-value for compressed += operand
    %load/vec4 v0x14183e060_0;
    %pushi/vec4 1, 0, 32;
    %add;
    %cast2;
    %store/vec4 v0x14183e060_0, 0, 32;
    %vpi_call/w 3 88 "$display", "\012=== Test %0d: Identity Quaternion (1,0,0,0) ===", v0x14183e060_0 {0 0 0};
    %pushi/vec4 32768, 0, 16;
    %store/vec4 v0x14183c320_0, 0, 16;
    %pushi/vec4 0, 0, 16;
    %store/vec4 v0x14183c3b0_0, 0, 16;
    %pushi/vec4 0, 0, 16;
    %store/vec4 v0x14183c460_0, 0, 16;
    %pushi/vec4 0, 0, 16;
    %store/vec4 v0x14183c520_0, 0, 16;
    %fork TD_tb_quaternion_optimized.send_quaternion, S_0x14183c1b0;
    %join;
    %pushi/vec4 50, 0, 32;
    %store/vec4 v0x14183d650_0, 0, 32;
    %fork TD_tb_quaternion_optimized.wait_for_output, S_0x14183d330;
    %join;
    %load/vec4 v0x14183d5b0_0;
    %store/vec4 v0x14183ce10_0, 0, 1;
    %load/vec4 v0x14183ce10_0;
    %flag_set/vec4 8;
    %jmp/0xz  T_4.25, 8;
    %fork t_1, S_0x14183ca10;
    %jmp t_0;
    .scope S_0x14183ca10;
t_1 ;
    %load/vec4 v0x14183df00_0;
    %parti/s 1, 31, 6;
    %flag_set/vec4 8;
    %jmp/0 T_4.27, 8;
    %load/vec4 v0x14183df00_0;
    %inv;
    %pushi/vec4 1, 0, 32;
    %add;
    %jmp/1 T_4.28, 8;
T_4.27 ; End of true expr.
    %load/vec4 v0x14183df00_0;
    %jmp/0 T_4.28, 8;
 ; End of false expr.
    %blend;
T_4.28;
    %store/vec4 v0x14183cca0_0, 0, 32;
    %load/vec4 v0x14183db60_0;
    %parti/s 1, 31, 6;
    %flag_set/vec4 8;
    %jmp/0 T_4.29, 8;
    %load/vec4 v0x14183db60_0;
    %inv;
    %pushi/vec4 1, 0, 32;
    %add;
    %jmp/1 T_4.30, 8;
T_4.29 ; End of true expr.
    %load/vec4 v0x14183db60_0;
    %jmp/0 T_4.30, 8;
 ; End of false expr.
    %blend;
T_4.30;
    %store/vec4 v0x14183cbe0_0, 0, 32;
    %load/vec4 v0x14183e250_0;
    %parti/s 1, 31, 6;
    %flag_set/vec4 8;
    %jmp/0 T_4.31, 8;
    %load/vec4 v0x14183e250_0;
    %inv;
    %pushi/vec4 1, 0, 32;
    %add;
    %jmp/1 T_4.32, 8;
T_4.31 ; End of true expr.
    %load/vec4 v0x14183e250_0;
    %jmp/0 T_4.32, 8;
 ; End of false expr.
    %blend;
T_4.32;
    %store/vec4 v0x14183cd50_0, 0, 32;
    %load/vec4 v0x14183cca0_0;
    %cmpi/u 1000, 0, 32;
    %flag_get/vec4 5;
    %jmp/0 T_4.36, 5;
    %load/vec4 v0x14183cbe0_0;
    %cmpi/u 1000, 0, 32;
    %flag_get/vec4 5;
    %and;
T_4.36;
    %flag_set/vec4 9;
    %flag_get/vec4 9;
    %jmp/0 T_4.35, 9;
    %load/vec4 v0x14183cd50_0;
    %cmpi/u 1000, 0, 32;
    %flag_get/vec4 5;
    %and;
T_4.35;
    %flag_set/vec4 8;
    %jmp/0xz  T_4.33, 8;
    %vpi_call/w 3 105 "$display", "  \342\234\205 PASS: roll=%0d, pitch=%0d, yaw=%0d (all near zero)", v0x14183df00_0, v0x14183db60_0, v0x14183e250_0 {0 0 0};
    ; show_stmt_assign_vector: Get l-value for compressed += operand
    %load/vec4 v0x14183dab0_0;
    %pushi/vec4 1, 0, 32;
    %add;
    %cast2;
    %store/vec4 v0x14183dab0_0, 0, 32;
    %jmp T_4.34;
T_4.33 ;
    %vpi_call/w 3 108 "$display", "  \342\235\214 FAIL: roll=%0d, pitch=%0d, yaw=%0d (expected near zero)", v0x14183df00_0, v0x14183db60_0, v0x14183e250_0 {0 0 0};
    ; show_stmt_assign_vector: Get l-value for compressed += operand
    %load/vec4 v0x14183d850_0;
    %pushi/vec4 1, 0, 32;
    %add;
    %cast2;
    %store/vec4 v0x14183d850_0, 0, 32;
T_4.34 ;
    %end;
    .scope S_0x14183c850;
t_0 %join;
    %jmp T_4.26;
T_4.25 ;
    %vpi_call/w 3 112 "$display", "  \342\235\214 FAIL: No output received" {0 0 0};
    ; show_stmt_assign_vector: Get l-value for compressed += operand
    %load/vec4 v0x14183d850_0;
    %pushi/vec4 1, 0, 32;
    %add;
    %cast2;
    %store/vec4 v0x14183d850_0, 0, 32;
T_4.26 ;
    %pushi/vec4 10, 0, 32;
T_4.37 %dup/vec4;
    %pushi/vec4 0, 0, 32;
    %cmp/s;
    %jmp/1xz T_4.38, 5;
    %jmp/1 T_4.38, 4;
    %pushi/vec4 1, 0, 32;
    %sub;
    %wait E_0x1418056e0;
    %jmp T_4.37;
T_4.38 ;
    %pop/vec4 1;
    %end;
S_0x14183ca10 .scope begin, "$unm_blk_5" "$unm_blk_5" 3 96, 3 96 0, S_0x14183c850;
 .timescale -9 -12;
v0x14183cbe0_0 .var/s "pitch_abs", 31 0;
v0x14183cca0_0 .var/s "roll_abs", 31 0;
v0x14183cd50_0 .var/s "yaw_abs", 31 0;
S_0x14183cec0 .scope task, "test_pipeline_latency" "test_pipeline_latency" 3 196, 3 196 0, S_0x141804fa0;
 .timescale -9 -12;
TD_tb_quaternion_optimized.test_pipeline_latency ;
    ; show_stmt_assign_vector: Get l-value for compressed += operand
    %load/vec4 v0x14183e060_0;
    %pushi/vec4 1, 0, 32;
    %add;
    %cast2;
    %store/vec4 v0x14183e060_0, 0, 32;
    %vpi_call/w 3 198 "$display", "\012=== Test %0d: Pipeline Latency Verification ===", v0x14183e060_0 {0 0 0};
    %pushi/vec4 0, 0, 32;
    %store/vec4 v0x14183d7b0_0, 0, 32;
    %pushi/vec4 32768, 0, 16;
    %store/vec4 v0x14183c320_0, 0, 16;
    %pushi/vec4 0, 0, 16;
    %store/vec4 v0x14183c3b0_0, 0, 16;
    %pushi/vec4 0, 0, 16;
    %store/vec4 v0x14183c460_0, 0, 16;
    %pushi/vec4 0, 0, 16;
    %store/vec4 v0x14183c520_0, 0, 16;
    %fork TD_tb_quaternion_optimized.send_quaternion, S_0x14183c1b0;
    %join;
T_5.39 ;
    %load/vec4 v0x14183e1a0_0;
    %nor/r;
    %flag_set/vec4 9;
    %flag_get/vec4 9;
    %jmp/0 T_5.41, 9;
    %load/vec4 v0x14183d7b0_0;
    %cmpi/s 50, 0, 32;
    %flag_get/vec4 5;
    %and;
T_5.41;
    %flag_set/vec4 8;
    %jmp/0xz T_5.40, 8;
    %wait E_0x1418056e0;
    %load/vec4 v0x14183d7b0_0;
    %addi 1, 0, 32;
    %cast2;
    %store/vec4 v0x14183d7b0_0, 0, 32;
    %jmp T_5.39;
T_5.40 ;
    %load/vec4 v0x14183e1a0_0;
    %flag_set/vec4 8;
    %jmp/0xz  T_5.42, 8;
    %vpi_call/w 3 210 "$display", "  \342\234\205 Output received after %0d cycles", v0x14183d7b0_0 {0 0 0};
    %load/vec4 v0x14183d7b0_0;
    %cmpi/s 5, 0, 32;
    %flag_inv 5; GE is !LT
    %flag_get/vec4 5;
    %jmp/0 T_5.46, 5;
    %load/vec4 v0x14183d7b0_0;
    %cmpi/s 20, 0, 32;
    %flag_get/vec4 4;
    %flag_get/vec4 5;
    %or;
    %and;
T_5.46;
    %flag_set/vec4 8;
    %jmp/0xz  T_5.44, 8;
    %vpi_call/w 3 213 "$display", "  \342\234\205 PASS: Latency reasonable (%0d cycles)", v0x14183d7b0_0 {0 0 0};
    ; show_stmt_assign_vector: Get l-value for compressed += operand
    %load/vec4 v0x14183dab0_0;
    %pushi/vec4 1, 0, 32;
    %add;
    %cast2;
    %store/vec4 v0x14183dab0_0, 0, 32;
    %jmp T_5.45;
T_5.44 ;
    %vpi_call/w 3 216 "$display", "  \342\232\240\357\270\217  WARNING: Latency %0d cycles (expected 5-20)", v0x14183d7b0_0 {0 0 0};
    ; show_stmt_assign_vector: Get l-value for compressed += operand
    %load/vec4 v0x14183dab0_0;
    %pushi/vec4 1, 0, 32;
    %add;
    %cast2;
    %store/vec4 v0x14183dab0_0, 0, 32;
T_5.45 ;
    %jmp T_5.43;
T_5.42 ;
    %vpi_call/w 3 220 "$display", "  \342\235\214 FAIL: No output after 50 cycles" {0 0 0};
    ; show_stmt_assign_vector: Get l-value for compressed += operand
    %load/vec4 v0x14183d850_0;
    %pushi/vec4 1, 0, 32;
    %add;
    %cast2;
    %store/vec4 v0x14183d850_0, 0, 32;
T_5.43 ;
    %pushi/vec4 10, 0, 32;
T_5.47 %dup/vec4;
    %pushi/vec4 0, 0, 32;
    %cmp/s;
    %jmp/1xz T_5.48, 5;
    %jmp/1 T_5.48, 4;
    %pushi/vec4 1, 0, 32;
    %sub;
    %wait E_0x1418056e0;
    %jmp T_5.47;
T_5.48 ;
    %pop/vec4 1;
    %end;
S_0x14183d0c0 .scope task, "test_rapid_inputs" "test_rapid_inputs" 3 152, 3 152 0, S_0x141804fa0;
 .timescale -9 -12;
v0x14183d280_0 .var "success", 0 0;
TD_tb_quaternion_optimized.test_rapid_inputs ;
    ; show_stmt_assign_vector: Get l-value for compressed += operand
    %load/vec4 v0x14183e060_0;
    %pushi/vec4 1, 0, 32;
    %add;
    %cast2;
    %store/vec4 v0x14183e060_0, 0, 32;
    %vpi_call/w 3 155 "$display", "\012=== Test %0d: Rapid Inputs (Stress Test) ===", v0x14183e060_0 {0 0 0};
    %pushi/vec4 0, 0, 32;
    %store/vec4 v0x14183d910_0, 0, 32;
T_6.49 ;
    %load/vec4 v0x14183d910_0;
    %cmpi/s 3, 0, 32;
    %jmp/0xz T_6.50, 5;
    %pushi/vec4 30000, 0, 32;
    %load/vec4 v0x14183d910_0;
    %muli 1000, 0, 32;
    %add;
    %pad/s 16;
    %store/vec4 v0x14183c320_0, 0, 16;
    %pushi/vec4 1000, 0, 32;
    %load/vec4 v0x14183d910_0;
    %muli 500, 0, 32;
    %add;
    %pad/s 16;
    %store/vec4 v0x14183c3b0_0, 0, 16;
    %pushi/vec4 2000, 0, 32;
    %load/vec4 v0x14183d910_0;
    %muli 300, 0, 32;
    %add;
    %pad/s 16;
    %store/vec4 v0x14183c460_0, 0, 16;
    %pushi/vec4 1500, 0, 32;
    %load/vec4 v0x14183d910_0;
    %muli 200, 0, 32;
    %add;
    %pad/s 16;
    %store/vec4 v0x14183c520_0, 0, 16;
    %fork TD_tb_quaternion_optimized.send_quaternion, S_0x14183c1b0;
    %join;
    %pushi/vec4 5, 0, 32;
T_6.51 %dup/vec4;
    %pushi/vec4 0, 0, 32;
    %cmp/s;
    %jmp/1xz T_6.52, 5;
    %jmp/1 T_6.52, 4;
    %pushi/vec4 1, 0, 32;
    %sub;
    %wait E_0x1418056e0;
    %jmp T_6.51;
T_6.52 ;
    %pop/vec4 1;
    %load/vec4 v0x14183d910_0;
    %addi 1, 0, 32;
    %cast2;
    %store/vec4 v0x14183d910_0, 0, 32;
    %jmp T_6.49;
T_6.50 ;
    %pushi/vec4 0, 0, 32;
    %store/vec4 v0x14183d9c0_0, 0, 32;
    %pushi/vec4 0, 0, 32;
    %store/vec4 v0x14183d910_0, 0, 32;
T_6.53 ;
    %load/vec4 v0x14183d910_0;
    %cmpi/s 3, 0, 32;
    %jmp/0xz T_6.54, 5;
    %pushi/vec4 100, 0, 32;
    %store/vec4 v0x14183d650_0, 0, 32;
    %fork TD_tb_quaternion_optimized.wait_for_output, S_0x14183d330;
    %join;
    %load/vec4 v0x14183d5b0_0;
    %store/vec4 v0x14183d280_0, 0, 1;
    %load/vec4 v0x14183d280_0;
    %flag_set/vec4 8;
    %jmp/0xz  T_6.55, 8;
    %load/vec4 v0x14183d9c0_0;
    %addi 1, 0, 32;
    %cast2;
    %store/vec4 v0x14183d9c0_0, 0, 32;
    %load/vec4 v0x14183d910_0;
    %addi 1, 0, 32;
    %vpi_call/w 3 177 "$display", "  \342\234\205 Output %0d: roll=%0d, pitch=%0d, yaw=%0d", S<0,vec4,s32>, v0x14183df00_0, v0x14183db60_0, v0x14183e250_0 {1 0 0};
    %wait E_0x1418056e0;
T_6.55 ;
    %load/vec4 v0x14183d910_0;
    %addi 1, 0, 32;
    %cast2;
    %store/vec4 v0x14183d910_0, 0, 32;
    %jmp T_6.53;
T_6.54 ;
    %load/vec4 v0x14183d9c0_0;
    %cmpi/e 3, 0, 32;
    %jmp/0xz  T_6.57, 4;
    %vpi_call/w 3 185 "$display", "  \342\234\205 PASS: All 3 outputs received" {0 0 0};
    ; show_stmt_assign_vector: Get l-value for compressed += operand
    %load/vec4 v0x14183dab0_0;
    %pushi/vec4 1, 0, 32;
    %add;
    %cast2;
    %store/vec4 v0x14183dab0_0, 0, 32;
    %jmp T_6.58;
T_6.57 ;
    %vpi_call/w 3 188 "$display", "  \342\235\214 FAIL: Only %0d/3 outputs received", v0x14183d9c0_0 {0 0 0};
    ; show_stmt_assign_vector: Get l-value for compressed += operand
    %load/vec4 v0x14183d850_0;
    %pushi/vec4 1, 0, 32;
    %add;
    %cast2;
    %store/vec4 v0x14183d850_0, 0, 32;
T_6.58 ;
    %pushi/vec4 10, 0, 32;
T_6.59 %dup/vec4;
    %pushi/vec4 0, 0, 32;
    %cmp/s;
    %jmp/1xz T_6.60, 5;
    %jmp/1 T_6.60, 4;
    %pushi/vec4 1, 0, 32;
    %sub;
    %wait E_0x1418056e0;
    %jmp T_6.59;
T_6.60 ;
    %pop/vec4 1;
    %end;
S_0x14183d330 .scope task, "wait_for_output" "wait_for_output" 3 69, 3 69 0, S_0x141804fa0;
 .timescale -9 -12;
v0x14183d4f0_0 .var/2s "cycles", 31 0;
v0x14183d5b0_0 .var "success", 0 0;
v0x14183d650_0 .var/2s "timeout_cycles", 31 0;
TD_tb_quaternion_optimized.wait_for_output ;
    %pushi/vec4 0, 0, 32;
    %store/vec4 v0x14183d4f0_0, 0, 32;
    %pushi/vec4 0, 0, 1;
    %store/vec4 v0x14183d5b0_0, 0, 1;
T_7.61 ;
    %load/vec4 v0x14183e1a0_0;
    %nor/r;
    %flag_set/vec4 9;
    %flag_get/vec4 9;
    %jmp/0 T_7.63, 9;
    %load/vec4 v0x14183d4f0_0;
    %load/vec4 v0x14183d650_0;
    %cmp/s;
    %flag_get/vec4 5;
    %and;
T_7.63;
    %flag_set/vec4 8;
    %jmp/0xz T_7.62, 8;
    %wait E_0x1418056e0;
    %load/vec4 v0x14183d4f0_0;
    %addi 1, 0, 32;
    %cast2;
    %store/vec4 v0x14183d4f0_0, 0, 32;
    %jmp T_7.61;
T_7.62 ;
    %load/vec4 v0x14183e1a0_0;
    %flag_set/vec4 8;
    %jmp/0xz  T_7.64, 8;
    %pushi/vec4 1, 0, 1;
    %store/vec4 v0x14183d5b0_0, 0, 1;
    %jmp T_7.65;
T_7.64 ;
    %vpi_call/w 3 80 "$display", "  \342\232\240\357\270\217  Timeout waiting for output after %0d cycles", v0x14183d650_0 {0 0 0};
T_7.65 ;
    %end;
    .scope S_0x14182aca0;
T_8 ;
    %wait E_0x141806440;
    %load/vec4 v0x14183ad80_0;
    %nor/r;
    %flag_set/vec4 8;
    %jmp/0xz  T_8.0, 8;
    %pushi/vec4 0, 0, 2;
    %assign/vec4 v0x14183a210_0, 0;
    %pushi/vec4 0, 0, 2;
    %assign/vec4 v0x14183a160_0, 0;
    %pushi/vec4 0, 0, 32;
    %assign/vec4 v0x14183b1e0_0, 0;
    %pushi/vec4 0, 0, 32;
    %assign/vec4 v0x14183ba70_0, 0;
    %pushi/vec4 0, 0, 32;
    %assign/vec4 v0x14183b340_0, 0;
    %pushi/vec4 0, 0, 32;
    %assign/vec4 v0x14183bff0_0, 0;
    %pushi/vec4 0, 0, 32;
    %assign/vec4 v0x14183a950_0, 0;
    %pushi/vec4 0, 0, 32;
    %assign/vec4 v0x14183b860_0, 0;
    %pushi/vec4 0, 0, 32;
    %assign/vec4 v0x14183b710_0, 0;
    %pushi/vec4 0, 0, 32;
    %assign/vec4 v0x14183b910_0, 0;
    %pushi/vec4 0, 0, 32;
    %assign/vec4 v0x14183bf40_0, 0;
    %pushi/vec4 0, 0, 1;
    %assign/vec4 v0x14183af60_0, 0;
    %pushi/vec4 0, 0, 1;
    %assign/vec4 v0x14183a0c0_0, 0;
    %pushi/vec4 0, 0, 1;
    %assign/vec4 v0x141839de0_0, 0;
    %pushi/vec4 0, 0, 32;
    %assign/vec4 v0x141839e80_0, 0;
    %pushi/vec4 0, 0, 32;
    %assign/vec4 v0x141839f20_0, 0;
    %pushi/vec4 0, 0, 32;
    %assign/vec4 v0x141839fd0_0, 0;
    %jmp T_8.1;
T_8.0 ;
    %load/vec4 v0x14183a210_0;
    %dup/vec4;
    %pushi/vec4 0, 0, 2;
    %cmp/u;
    %jmp/1 T_8.2, 6;
    %dup/vec4;
    %pushi/vec4 1, 0, 2;
    %cmp/u;
    %jmp/1 T_8.3, 6;
    %dup/vec4;
    %pushi/vec4 2, 0, 2;
    %cmp/u;
    %jmp/1 T_8.4, 6;
    %jmp T_8.5;
T_8.2 ;
    %load/vec4 v0x14183ae20_0;
    %flag_set/vec4 8;
    %jmp/0xz  T_8.6, 8;
    %load/vec4 v0x14183a5e0_0;
    %pad/s 32;
    %load/vec4 v0x14183a690_0;
    %pad/s 32;
    %mul;
    %ix/load 4, 15, 0;
    %flag_set/imm 4, 0;
    %shiftr/s 4;
    %assign/vec4 v0x141839e80_0, 0;
    %load/vec4 v0x14183a740_0;
    %pad/s 32;
    %load/vec4 v0x14183a7f0_0;
    %pad/s 32;
    %mul;
    %ix/load 4, 15, 0;
    %flag_set/imm 4, 0;
    %shiftr/s 4;
    %assign/vec4 v0x141839f20_0, 0;
    %load/vec4 v0x14183a5e0_0;
    %pad/s 32;
    %load/vec4 v0x14183a740_0;
    %pad/s 32;
    %mul;
    %ix/load 4, 15, 0;
    %flag_set/imm 4, 0;
    %shiftr/s 4;
    %assign/vec4 v0x141839fd0_0, 0;
    %pushi/vec4 1, 0, 2;
    %assign/vec4 v0x14183a210_0, 0;
    %pushi/vec4 1, 0, 2;
    %assign/vec4 v0x14183a160_0, 0;
T_8.6 ;
    %jmp T_8.5;
T_8.3 ;
    %load/vec4 v0x141839e80_0;
    %assign/vec4 v0x14183b1e0_0, 0;
    %load/vec4 v0x141839f20_0;
    %assign/vec4 v0x14183ba70_0, 0;
    %load/vec4 v0x141839fd0_0;
    %assign/vec4 v0x14183b340_0, 0;
    %load/vec4 v0x14183a7f0_0;
    %pad/s 32;
    %load/vec4 v0x14183a690_0;
    %pad/s 32;
    %mul;
    %ix/load 4, 15, 0;
    %flag_set/imm 4, 0;
    %shiftr/s 4;
    %assign/vec4 v0x141839e80_0, 0;
    %load/vec4 v0x14183a5e0_0;
    %pad/s 32;
    %load/vec4 v0x14183a7f0_0;
    %pad/s 32;
    %mul;
    %ix/load 4, 15, 0;
    %flag_set/imm 4, 0;
    %shiftr/s 4;
    %assign/vec4 v0x141839f20_0, 0;
    %load/vec4 v0x14183a690_0;
    %pad/s 32;
    %load/vec4 v0x14183a740_0;
    %pad/s 32;
    %mul;
    %ix/load 4, 15, 0;
    %flag_set/imm 4, 0;
    %shiftr/s 4;
    %assign/vec4 v0x141839fd0_0, 0;
    %pushi/vec4 2, 0, 2;
    %assign/vec4 v0x14183a210_0, 0;
    %pushi/vec4 2, 0, 2;
    %assign/vec4 v0x14183a160_0, 0;
    %jmp T_8.5;
T_8.4 ;
    %load/vec4 v0x141839e80_0;
    %assign/vec4 v0x14183bff0_0, 0;
    %load/vec4 v0x141839f20_0;
    %assign/vec4 v0x14183a950_0, 0;
    %load/vec4 v0x141839fd0_0;
    %assign/vec4 v0x14183b860_0, 0;
    %load/vec4 v0x14183a690_0;
    %pad/s 32;
    %load/vec4 v0x14183a690_0;
    %pad/s 32;
    %mul;
    %ix/load 4, 15, 0;
    %flag_set/imm 4, 0;
    %shiftr/s 4;
    %assign/vec4 v0x141839e80_0, 0;
    %load/vec4 v0x14183a740_0;
    %pad/s 32;
    %load/vec4 v0x14183a740_0;
    %pad/s 32;
    %mul;
    %ix/load 4, 15, 0;
    %flag_set/imm 4, 0;
    %shiftr/s 4;
    %assign/vec4 v0x141839f20_0, 0;
    %load/vec4 v0x14183a7f0_0;
    %pad/s 32;
    %load/vec4 v0x14183a7f0_0;
    %pad/s 32;
    %mul;
    %ix/load 4, 15, 0;
    %flag_set/imm 4, 0;
    %shiftr/s 4;
    %assign/vec4 v0x141839fd0_0, 0;
    %pushi/vec4 0, 0, 2;
    %assign/vec4 v0x14183a210_0, 0;
    %pushi/vec4 0, 0, 2;
    %assign/vec4 v0x14183a160_0, 0;
    %pushi/vec4 1, 0, 1;
    %assign/vec4 v0x141839de0_0, 0;
    %jmp T_8.5;
T_8.5 ;
    %pop/vec4 1;
    %load/vec4 v0x141839de0_0;
    %flag_set/vec4 8;
    %jmp/0xz  T_8.8, 8;
    %load/vec4 v0x141839e80_0;
    %assign/vec4 v0x14183b710_0, 0;
    %load/vec4 v0x141839f20_0;
    %assign/vec4 v0x14183b910_0, 0;
    %load/vec4 v0x141839fd0_0;
    %assign/vec4 v0x14183bf40_0, 0;
    %pushi/vec4 1, 0, 1;
    %assign/vec4 v0x14183af60_0, 0;
    %pushi/vec4 1, 0, 1;
    %assign/vec4 v0x14183a0c0_0, 0;
    %pushi/vec4 0, 0, 1;
    %assign/vec4 v0x141839de0_0, 0;
    %jmp T_8.9;
T_8.8 ;
    %load/vec4 v0x14183a0c0_0;
    %flag_set/vec4 8;
    %jmp/0xz  T_8.10, 8;
    %pushi/vec4 0, 0, 1;
    %assign/vec4 v0x14183a0c0_0, 0;
    %pushi/vec4 0, 0, 1;
    %assign/vec4 v0x14183af60_0, 0;
    %jmp T_8.11;
T_8.10 ;
    %pushi/vec4 0, 0, 1;
    %assign/vec4 v0x14183af60_0, 0;
T_8.11 ;
T_8.9 ;
T_8.1 ;
    %jmp T_8;
    .thread T_8;
    .scope S_0x14182aca0;
T_9 ;
    %wait E_0x141806440;
    %load/vec4 v0x14183ad80_0;
    %nor/r;
    %flag_set/vec4 8;
    %jmp/0xz  T_9.0, 8;
    %pushi/vec4 0, 0, 32;
    %assign/vec4 v0x14183b290_0, 0;
    %pushi/vec4 0, 0, 32;
    %assign/vec4 v0x14183b3f0_0, 0;
    %pushi/vec4 0, 0, 32;
    %assign/vec4 v0x14183b680_0, 0;
    %pushi/vec4 0, 0, 32;
    %assign/vec4 v0x14183b7b0_0, 0;
    %pushi/vec4 0, 0, 32;
    %assign/vec4 v0x14183b9c0_0, 0;
    %pushi/vec4 0, 0, 32;
    %assign/vec4 v0x14183ab70_0, 0;
    %pushi/vec4 0, 0, 32;
    %assign/vec4 v0x14183aa30_0, 0;
    %pushi/vec4 0, 0, 32;
    %assign/vec4 v0x14183a3d0_0, 0;
    %pushi/vec4 0, 0, 32;
    %assign/vec4 v0x14183bd30_0, 0;
    %pushi/vec4 0, 0, 32;
    %assign/vec4 v0x14183bbd0_0, 0;
    %pushi/vec4 0, 0, 1;
    %assign/vec4 v0x14183b000_0, 0;
    %jmp T_9.1;
T_9.0 ;
    %load/vec4 v0x14183af60_0;
    %flag_set/vec4 8;
    %jmp/0xz  T_9.2, 8;
    %load/vec4 v0x14183b1e0_0;
    %load/vec4 v0x14183ba70_0;
    %add;
    %assign/vec4 v0x14183b290_0, 0;
    %load/vec4 v0x14183b340_0;
    %load/vec4 v0x14183bff0_0;
    %sub;
    %assign/vec4 v0x14183b3f0_0, 0;
    %load/vec4 v0x14183a950_0;
    %load/vec4 v0x14183b860_0;
    %add;
    %assign/vec4 v0x14183b680_0, 0;
    %load/vec4 v0x14183b710_0;
    %load/vec4 v0x14183b910_0;
    %add;
    %assign/vec4 v0x14183b7b0_0, 0;
    %load/vec4 v0x14183b910_0;
    %load/vec4 v0x14183bf40_0;
    %add;
    %assign/vec4 v0x14183b9c0_0, 0;
    %load/vec4 v0x14183b290_0;
    %assign/vec4 v0x14183ab70_0, 0;
    %pushi/vec4 1073741824, 0, 32;
    %load/vec4 v0x14183b7b0_0;
    %ix/load 4, 1, 0;
    %flag_set/imm 4, 0;
    %shiftl 4;
    %sub;
    %assign/vec4 v0x14183aa30_0, 0;
    %load/vec4 v0x14183b3f0_0;
    %assign/vec4 v0x14183a3d0_0, 0;
    %load/vec4 v0x14183b680_0;
    %assign/vec4 v0x14183bd30_0, 0;
    %pushi/vec4 1073741824, 0, 32;
    %load/vec4 v0x14183b9c0_0;
    %ix/load 4, 1, 0;
    %flag_set/imm 4, 0;
    %shiftl 4;
    %sub;
    %assign/vec4 v0x14183bbd0_0, 0;
    %pushi/vec4 1, 0, 1;
    %assign/vec4 v0x14183b000_0, 0;
    %jmp T_9.3;
T_9.2 ;
    %pushi/vec4 0, 0, 1;
    %assign/vec4 v0x14183b000_0, 0;
T_9.3 ;
T_9.1 ;
    %jmp T_9;
    .thread T_9;
    .scope S_0x14182aca0;
T_10 ;
    %wait E_0x141806440;
    %load/vec4 v0x14183ad80_0;
    %nor/r;
    %flag_set/vec4 8;
    %jmp/0xz  T_10.0, 8;
    %pushi/vec4 0, 0, 32;
    %assign/vec4 v0x14183ac20_0, 0;
    %pushi/vec4 0, 0, 32;
    %assign/vec4 v0x14183a480_0, 0;
    %pushi/vec4 0, 0, 32;
    %assign/vec4 v0x14183bde0_0, 0;
    %pushi/vec4 0, 0, 32;
    %assign/vec4 v0x14183aac0_0, 0;
    %pushi/vec4 0, 0, 32;
    %assign/vec4 v0x14183bc80_0, 0;
    %pushi/vec4 0, 0, 1;
    %assign/vec4 v0x14183b0a0_0, 0;
    %jmp T_10.1;
T_10.0 ;
    %load/vec4 v0x14183b000_0;
    %flag_set/vec4 8;
    %jmp/0xz  T_10.2, 8;
    %load/vec4 v0x14183ab70_0;
    %ix/load 4, 1, 0;
    %flag_set/imm 4, 0;
    %shiftl 4;
    %assign/vec4 v0x14183ac20_0, 0;
    %load/vec4 v0x14183a3d0_0;
    %ix/load 4, 1, 0;
    %flag_set/imm 4, 0;
    %shiftl 4;
    %assign/vec4 v0x14183a480_0, 0;
    %load/vec4 v0x14183bd30_0;
    %ix/load 4, 1, 0;
    %flag_set/imm 4, 0;
    %shiftl 4;
    %assign/vec4 v0x14183bde0_0, 0;
    %load/vec4 v0x14183aa30_0;
    %assign/vec4 v0x14183aac0_0, 0;
    %load/vec4 v0x14183bbd0_0;
    %assign/vec4 v0x14183bc80_0, 0;
    %pushi/vec4 1, 0, 1;
    %assign/vec4 v0x14183b0a0_0, 0;
    %jmp T_10.3;
T_10.2 ;
    %pushi/vec4 0, 0, 1;
    %assign/vec4 v0x14183b0a0_0, 0;
T_10.3 ;
T_10.1 ;
    %jmp T_10;
    .thread T_10;
    .scope S_0x14182aca0;
T_11 ;
    %wait E_0x141806440;
    %load/vec4 v0x14183ad80_0;
    %nor/r;
    %flag_set/vec4 8;
    %jmp/0xz  T_11.0, 8;
    %pushi/vec4 0, 0, 32;
    %assign/vec4 v0x14183acd0_0, 0;
    %pushi/vec4 0, 0, 32;
    %assign/vec4 v0x14183a530_0, 0;
    %pushi/vec4 0, 0, 32;
    %assign/vec4 v0x14183be90_0, 0;
    %pushi/vec4 0, 0, 1;
    %assign/vec4 v0x14183b140_0, 0;
    %jmp T_11.1;
T_11.0 ;
    %load/vec4 v0x14183b0a0_0;
    %flag_set/vec4 8;
    %jmp/0xz  T_11.2, 8;
    %alloc S_0x1418397e0;
    %load/vec4 v0x14183ac20_0;
    %load/vec4 v0x14183aac0_0;
    %store/vec4 v0x141839b90_0, 0, 32;
    %store/vec4 v0x141839c40_0, 0, 32;
    %callf/vec4 TD_tb_quaternion_optimized.dut.cordic_atan2, S_0x1418397e0;
    %free S_0x1418397e0;
    %assign/vec4 v0x14183acd0_0, 0;
    %alloc S_0x14182ae10;
    %load/vec4 v0x14183a480_0;
    %store/vec4 v0x141839750_0, 0, 32;
    %callf/vec4 TD_tb_quaternion_optimized.dut.cordic_asin, S_0x14182ae10;
    %free S_0x14182ae10;
    %assign/vec4 v0x14183a530_0, 0;
    %alloc S_0x1418397e0;
    %load/vec4 v0x14183bde0_0;
    %load/vec4 v0x14183bc80_0;
    %store/vec4 v0x141839b90_0, 0, 32;
    %store/vec4 v0x141839c40_0, 0, 32;
    %callf/vec4 TD_tb_quaternion_optimized.dut.cordic_atan2, S_0x1418397e0;
    %free S_0x1418397e0;
    %assign/vec4 v0x14183be90_0, 0;
    %pushi/vec4 1, 0, 1;
    %assign/vec4 v0x14183b140_0, 0;
    %jmp T_11.3;
T_11.2 ;
    %pushi/vec4 0, 0, 1;
    %assign/vec4 v0x14183b140_0, 0;
T_11.3 ;
T_11.1 ;
    %jmp T_11;
    .thread T_11;
    .scope S_0x14182aca0;
T_12 ;
    %wait E_0x141806440;
    %load/vec4 v0x14183ad80_0;
    %nor/r;
    %flag_set/vec4 8;
    %jmp/0xz  T_12.0, 8;
    %pushi/vec4 0, 0, 32;
    %assign/vec4 v0x14183a8a0_0, 0;
    %pushi/vec4 0, 0, 32;
    %assign/vec4 v0x14183a2c0_0, 0;
    %pushi/vec4 0, 0, 32;
    %assign/vec4 v0x14183bb20_0, 0;
    %pushi/vec4 0, 0, 1;
    %assign/vec4 v0x14183aec0_0, 0;
    %jmp T_12.1;
T_12.0 ;
    %load/vec4 v0x14183b140_0;
    %flag_set/vec4 8;
    %jmp/0xz  T_12.2, 8;
    %load/vec4 v0x14183acd0_0;
    %muli 1877464, 0, 32;
    %ix/load 4, 15, 0;
    %flag_set/imm 4, 0;
    %shiftr 4;
    %assign/vec4 v0x14183a8a0_0, 0;
    %load/vec4 v0x14183a530_0;
    %muli 1877464, 0, 32;
    %ix/load 4, 15, 0;
    %flag_set/imm 4, 0;
    %shiftr 4;
    %assign/vec4 v0x14183a2c0_0, 0;
    %load/vec4 v0x14183be90_0;
    %muli 1877464, 0, 32;
    %ix/load 4, 15, 0;
    %flag_set/imm 4, 0;
    %shiftr 4;
    %assign/vec4 v0x14183bb20_0, 0;
    %pushi/vec4 1, 0, 1;
    %assign/vec4 v0x14183aec0_0, 0;
    %jmp T_12.3;
T_12.2 ;
    %pushi/vec4 0, 0, 1;
    %assign/vec4 v0x14183aec0_0, 0;
T_12.3 ;
T_12.1 ;
    %jmp T_12;
    .thread T_12;
    .scope S_0x141804fa0;
T_13 ;
    %pushi/vec4 0, 0, 1;
    %store/vec4 v0x14183d6f0_0, 0, 1;
    %delay 166000, 0;
    %pushi/vec4 1, 0, 1;
    %store/vec4 v0x14183d6f0_0, 0, 1;
    %delay 166000, 0;
    %jmp T_13;
    .thread T_13;
    .scope S_0x141804fa0;
T_14 ;
    %pushi/vec4 0, 0, 32;
    %store/vec4 v0x14183e060_0, 0, 32;
    %pushi/vec4 0, 0, 32;
    %store/vec4 v0x14183dab0_0, 0, 32;
    %pushi/vec4 0, 0, 32;
    %store/vec4 v0x14183d850_0, 0, 32;
    %vpi_call/w 3 234 "$display", "========================================" {0 0 0};
    %vpi_call/w 3 235 "$display", "Quaternion to Euler Optimized Testbench" {0 0 0};
    %vpi_call/w 3 236 "$display", "Testing pipelined DSP implementation" {0 0 0};
    %vpi_call/w 3 237 "$display", "========================================\012" {0 0 0};
    %pushi/vec4 0, 0, 1;
    %store/vec4 v0x14183dfb0_0, 0, 1;
    %pushi/vec4 0, 0, 1;
    %store/vec4 v0x14183e0f0_0, 0, 1;
    %pushi/vec4 0, 0, 16;
    %store/vec4 v0x14183dc00_0, 0, 16;
    %pushi/vec4 0, 0, 16;
    %store/vec4 v0x14183dcb0_0, 0, 16;
    %pushi/vec4 0, 0, 16;
    %store/vec4 v0x14183dde0_0, 0, 16;
    %pushi/vec4 0, 0, 16;
    %store/vec4 v0x14183de70_0, 0, 16;
    %pushi/vec4 10, 0, 32;
T_14.0 %dup/vec4;
    %pushi/vec4 0, 0, 32;
    %cmp/s;
    %jmp/1xz T_14.1, 5;
    %jmp/1 T_14.1, 4;
    %pushi/vec4 1, 0, 32;
    %sub;
    %wait E_0x1418056e0;
    %jmp T_14.0;
T_14.1 ;
    %pop/vec4 1;
    %pushi/vec4 1, 0, 1;
    %store/vec4 v0x14183dfb0_0, 0, 1;
    %pushi/vec4 10, 0, 32;
T_14.2 %dup/vec4;
    %pushi/vec4 0, 0, 32;
    %cmp/s;
    %jmp/1xz T_14.3, 5;
    %jmp/1 T_14.3, 4;
    %pushi/vec4 1, 0, 32;
    %sub;
    %wait E_0x1418056e0;
    %jmp T_14.2;
T_14.3 ;
    %pop/vec4 1;
    %vpi_call/w 3 252 "$display", "Reset complete, starting tests...\012" {0 0 0};
    %fork TD_tb_quaternion_optimized.test_identity_quaternion, S_0x14183c850;
    %join;
    %fork TD_tb_quaternion_optimized.test_90deg_z_rotation, S_0x14183c5d0;
    %join;
    %fork TD_tb_quaternion_optimized.test_rapid_inputs, S_0x14183d0c0;
    %join;
    %fork TD_tb_quaternion_optimized.test_pipeline_latency, S_0x14183cec0;
    %join;
    %vpi_call/w 3 261 "$display", "\012========================================" {0 0 0};
    %vpi_call/w 3 262 "$display", "Test Summary" {0 0 0};
    %vpi_call/w 3 263 "$display", "========================================" {0 0 0};
    %vpi_call/w 3 264 "$display", "Total tests: %0d", v0x14183e060_0 {0 0 0};
    %vpi_call/w 3 265 "$display", "Passed:      %0d", v0x14183dab0_0 {0 0 0};
    %vpi_call/w 3 266 "$display", "Failed:      %0d", v0x14183d850_0 {0 0 0};
    %vpi_call/w 3 267 "$display", "========================================" {0 0 0};
    %load/vec4 v0x14183d850_0;
    %cmpi/e 0, 0, 32;
    %jmp/0xz  T_14.4, 4;
    %vpi_call/w 3 270 "$display", "\342\234\205 ALL TESTS PASSED" {0 0 0};
    %jmp T_14.5;
T_14.4 ;
    %vpi_call/w 3 272 "$display", "\342\235\214 SOME TESTS FAILED" {0 0 0};
T_14.5 ;
    %vpi_call/w 3 274 "$display", "========================================\012" {0 0 0};
    %delay 33300000, 0;
    %vpi_call/w 3 277 "$finish" {0 0 0};
    %end;
    .thread T_14;
# The file index is used to find the file name in the following table.
:file_names 5;
    "N/A";
    "<interactive>";
    "-";
    "tb_quaternion_optimized.sv";
    "quaternion_to_euler_dsp_optimized.sv";
