[HSOSC] Clock started
[0] done=x load=0 sdo=x kick_btn=1
[167000] done=0 load=0 sdo=0 kick_btn=1
[2000000] done=0 load=0 sdo=x kick_btn=1
=== Simplified Top-Level Testbench Started ===
Time: 66600000
Testing: MCU SPI interface and button functionality


=== Test 1: Kick Drum via Button ===
[366300000] Simulating kick drum button press
[366300000] done=0 load=0 sdo=x kick_btn=0
[432900000] done=0 load=0 sdo=x kick_btn=1
[17166150000] ERROR: DONE signal never asserted! done=0
ERROR: tb_top_mcu_spi_only.sv:167: Test 1 failed: DONE signal timeout
       Time: 17166150000  Scope: tb_top_mcu_spi_only
=== Test 2: Second Kick Trigger ===
[17199450000] Simulating kick drum button press
[17199450000] done=0 load=0 sdo=x kick_btn=0
[17266050000] done=0 load=0 sdo=x kick_btn=1
[33999300000] ERROR: DONE signal never asserted! done=0
ERROR: tb_top_mcu_spi_only.sv:181: Test 2 failed: DONE signal timeout
       Time: 33999300000  Scope: tb_top_mcu_spi_only

=== Test 3: System Status LEDs ===
LED Initialized: 0
LED Error: 0
LED Heartbeat: 0 (should be blinking)
✅ Test 3: Status LEDs checked


=== Test 4: Calibration Button ===
[34032600000] Simulating calibration button press
✅ Test 4: Calibration button pressed


==========================================
All Tests Completed Successfully!
Time: 34165800000
==========================================

tb_top_mcu_spi_only.sv:208: $finish called at 34332300000 (1ps)
