[HSOSC] Clock started

Waiting for system to stabilize (2 second reset delay)...
=== Integrated Drum Trigger System Testbench Started ===
Time: 66600000
[6133300000] System should be out of reset now

=== Test 1: Kick Drum via Button ===
[6133300000] Simulating kick drum button press
[139333300000] Button press complete
[339133300000] Waiting for DONE signal...
[672133300000] ERROR: DONE signal never asserted! done=0
ERROR: tb_drum_trigger_top_integrated.sv:180: Test 1 failed: DONE signal timeout
       Time: 672133300000  Scope: tb_drum_trigger_top_integrated
=== Test 2: Second Kick Trigger ===
[672199900000] Simulating kick drum button press
[805399900000] Button press complete
[1005199900000] Waiting for DONE signal...
[1338199900000] ERROR: DONE signal never asserted! done=0
ERROR: tb_drum_trigger_top_integrated.sv:197: Test 2a failed: DONE signal timeout
       Time: 1338199900000  Scope: tb_drum_trigger_top_integrated
=== Test 3: Third Kick Trigger ===
[1338266500000] Simulating kick drum button press
[1471466500000] Button press complete
[1671266500000] Waiting for DONE signal...
[2004266500000] ERROR: DONE signal never asserted! done=0
ERROR: tb_drum_trigger_top_integrated.sv:211: Test 2b failed: DONE signal timeout
       Time: 2004266500000  Scope: tb_drum_trigger_top_integrated

=== Test 4: System Status LEDs ===
LED Initialized: 0 (should be 1 when both sensors initialized)
LED Error: 0 (should be 0)
LED Heartbeat: 0 (should be blinking)
✅ Test 4: Status LEDs checked


=== Test 5: Calibration Button ===
[2004299800000] Simulating calibration button press
✅ Test 5: Calibration button pressed


==========================================
✅ All Tests Completed Successfully!
Time: 2137499800000
==========================================

tb_drum_trigger_top_integrated.sv:235: $finish called at 2137666300000 (1ps)
