[HSOSC] Clock started

Waiting for system to stabilize (2 second reset delay = 6M cycles)...
This is correct for hardware - reset delay ensures BNO085 initialization
=== Integrated Drum Trigger System Testbench Started ===
Time: 66600000
[6133300000] System should be out of reset now

=== Test 1: Kick Drum via Button ===
[6133300000] Simulating kick drum button press
[139333300000] Button press complete
[372433300000] Waiting for DONE signal...
[538933300000] Still waiting for DONE... (count=500000)
[705433300000] Still waiting for DONE... (count=1000000)
[871933300000] Still waiting for DONE... (count=1500000)
[1038433300000] Still waiting for DONE... (count=2000000)
[1038433300000] ERROR: DONE signal never asserted! done=0
ERROR: tb_drum_trigger_top_integrated.sv:191: Test 1 failed: DONE signal timeout
       Time: 1038433300000  Scope: tb_drum_trigger_top_integrated
=== Test 2: Second Kick Trigger ===
[1038499900000] Simulating kick drum button press
[1171699900000] Button press complete
[1404799900000] Waiting for DONE signal...
[1571299900000] Still waiting for DONE... (count=500000)
[1737799900000] Still waiting for DONE... (count=1000000)
[1904299900000] Still waiting for DONE... (count=1500000)
[2070799900000] Still waiting for DONE... (count=2000000)
[2070799900000] ERROR: DONE signal never asserted! done=0
ERROR: tb_drum_trigger_top_integrated.sv:219: Test 2a failed: DONE signal timeout
       Time: 2070799900000  Scope: tb_drum_trigger_top_integrated
=== Test 3: Third Kick Trigger ===
[2070866500000] Simulating kick drum button press
[2204066500000] Button press complete
[2437166500000] Waiting for DONE signal...
[2437166500000] MCU: DONE signal detected, starting SPI read
[2437174501000] MCU: Received drum command: 0x00 (0)
ERROR: tb_drum_trigger_top_integrated.sv:235: Test 2b failed: Expected 0x02, got 0x00
       Time: 2437181161000  Scope: tb_drum_trigger_top_integrated

=== Test 4: System Status LEDs ===
LED Initialized: 0 (should be 1 when both sensors initialized)
LED Error: 1 (should be 0)
LED Heartbeat: 0 (should be blinking)
✅ Test 4: Status LEDs checked


=== Test 5: Calibration Button ===
[2437214461000] Simulating calibration button press
✅ Test 5: Calibration button pressed


==========================================
Test Results Summary:
  Passed: 2
  Failed: 3
❌ Some tests failed
Time: 2570414461000
==========================================

tb_drum_trigger_top_integrated.sv:274: $finish called at 2570580961000 (1ps)
